<?xml version="1.0" encoding="UTF-8"?>
<!-- Generated by org.testng.reporters.JUnitXMLReporter -->
<testsuite ignored="0" hostname="DESKTOP-14N1F2H" failures="0" tests="3" name="ChromeTest" time="38.221" errors="0" timestamp="2024-04-19T12:47:09 EDT">
  <testcase classname="parallel.Test" name="browsertest" time="28.656"/>
  <testcase classname="parallel.Test" name="googletest" time="2.448"/>
  <testcase classname="parallel.Test" name="titleTest" time="5.724"/>
</testsuite> <!-- ChromeTest -->
