<?xml version="1.0" encoding="UTF-8"?>
<!-- Generated by org.testng.reporters.JUnitXMLReporter -->
<testsuite ignored="0" hostname="DESKTOP-14N1F2H" failures="0" tests="3" name="ChromeTest" time="21.57" errors="0" timestamp="2024-04-19T09:48:07 EDT">
  <testcase classname="parallel.Test" name="browsertest" time="3.848"/>
  <testcase classname="parallel.Test" name="googletest" time="1.541"/>
  <testcase classname="parallel.Test" name="titleTest" time="6.083"/>
</testsuite> <!-- ChromeTest -->
