<?xml version="1.0" encoding="UTF-8"?>
<!-- Generated by org.testng.reporters.JUnitXMLReporter -->
<testsuite ignored="0" hostname="DESKTOP-14N1F2H" failures="0" tests="3" name="Edge Test" time="18.33" errors="0" timestamp="2024-04-19T09:47:45 EDT">
  <testcase classname="parallel.Test" name="browsertest" time="6.095"/>
  <testcase classname="parallel.Test" name="googletest" time="3.529"/>
  <testcase classname="parallel.Test" name="titleTest" time="6.386"/>
</testsuite> <!-- Edge Test -->
