<?xml version="1.0" encoding="UTF-8"?>
<!-- Generated by org.testng.reporters.JUnitXMLReporter -->
<testsuite ignored="0" hostname="DESKTOP-14N1F2H" failures="0" tests="3" name="Edge Test" time="39.311" errors="0" timestamp="2024-04-19T12:46:31 EDT">
  <testcase classname="parallel.Test" name="browsertest" time="22.024"/>
  <testcase classname="parallel.Test" name="googletest" time="8.041"/>
  <testcase classname="parallel.Test" name="titleTest" time="5.665"/>
</testsuite> <!-- Edge Test -->
