<?xml version="1.0" encoding="UTF-8"?>
<!-- Generated by org.testng.reporters.JUnitXMLReporter -->
<testsuite ignored="0" hostname="DESKTOP-14N1F2H" failures="0" tests="3" name="FirefoxTest" time="23.237" errors="0" timestamp="2024-04-19T12:47:32 EDT">
  <testcase classname="parallel.Test" name="browsertest" time="13.715"/>
  <testcase classname="parallel.Test" name="googletest" time="1.558"/>
  <testcase classname="parallel.Test" name="titleTest" time="5.103"/>
</testsuite> <!-- FirefoxTest -->
