<?xml version="1.0" encoding="UTF-8"?>
<!-- Generated by org.testng.reporters.JUnitXMLReporter -->
<testsuite ignored="0" hostname="DESKTOP-14N1F2H" failures="0" tests="3" name="FirefoxTest" time="30.36" errors="0" timestamp="2024-04-19T09:48:37 EDT">
  <testcase classname="parallel.Test" name="browsertest" time="19.172"/>
  <testcase classname="parallel.Test" name="googletest" time="1.891"/>
  <testcase classname="parallel.Test" name="titleTest" time="6.258"/>
</testsuite> <!-- FirefoxTest -->
