<?xml version="1.0" encoding="UTF-8"?>
<!-- Generated by org.testng.reporters.JUnitXMLReporter -->
<testsuite ignored="0" hostname="DESKTOP-14N1F2H" failures="0" tests="4" name="Test" time="19.008" errors="0" timestamp="2024-04-25T00:30:11 EDT">
  <testcase classname="negativeTest.InvalidCredencial" name="TestNegetiveTestCases" time="3.681"/>
  <testcase classname="negativeTest.InvalidCredencial" name="TestNegetiveTestCasess" time="3.579"/>
  <testcase classname="negativeTest.InvalidCredencial" name="TestNegetiveTestCasesss" time="3.725"/>
  <testcase classname="negativeTest.InvalidCredencial" name="TestPositiveTestCases" time="7.983"/>
</testsuite> <!-- Test -->
