<?xml version="1.0" encoding="UTF-8"?>
<testng-results ignored="0" total="9" passed="9" failed="0" skipped="0">
  <reporter-output>
  </reporter-output>
  <suite started-at="2024-04-19T12:45:51 EDT" name="Suite" finished-at="2024-04-19T12:47:32 EDT" duration-ms="100800">
    <groups>
    </groups>
    <test started-at="2024-04-19T12:45:51 EDT" name="Edge Test" finished-at="2024-04-19T12:46:31 EDT" duration-ms="39311">
      <class name="parallel.Test">
        <test-method is-config="true" signature="setup(java.lang.String)[pri:0, instance:parallel.Test@c730b35]" started-at="2024-04-19T12:45:51 EDT" name="setup" finished-at="2024-04-19T12:45:55 EDT" duration-ms="3293" status="PASS">
          <params>
            <param index="0">
              <value>
                <![CDATA[edge]]>
              </value>
            </param>
          </params>
          <reporter-output>
          </reporter-output>
        </test-method> <!-- setup -->
        <test-method signature="browsertest()[pri:0, instance:parallel.Test@c730b35]" started-at="2024-04-19T12:45:55 EDT" name="browsertest" finished-at="2024-04-19T12:46:17 EDT" duration-ms="22024" status="PASS">
          <reporter-output>
          </reporter-output>
        </test-method> <!-- browsertest -->
        <test-method signature="googletest()[pri:0, instance:parallel.Test@c730b35]" started-at="2024-04-19T12:46:17 EDT" name="googletest" finished-at="2024-04-19T12:46:25 EDT" duration-ms="8041" status="PASS">
          <reporter-output>
          </reporter-output>
        </test-method> <!-- googletest -->
        <test-method signature="titleTest()[pri:0, instance:parallel.Test@c730b35]" started-at="2024-04-19T12:46:25 EDT" name="titleTest" finished-at="2024-04-19T12:46:30 EDT" duration-ms="5665" status="PASS">
          <reporter-output>
          </reporter-output>
        </test-method> <!-- titleTest -->
        <test-method is-config="true" signature="teardown()[pri:0, instance:parallel.Test@c730b35]" started-at="2024-04-19T12:46:30 EDT" name="teardown" finished-at="2024-04-19T12:46:31 EDT" duration-ms="242" status="PASS">
          <reporter-output>
          </reporter-output>
        </test-method> <!-- teardown -->
      </class> <!-- parallel.Test -->
    </test> <!-- Edge Test -->
    <test started-at="2024-04-19T12:46:31 EDT" name="ChromeTest" finished-at="2024-04-19T12:47:09 EDT" duration-ms="38221">
      <class name="parallel.Test">
        <test-method is-config="true" signature="setup(java.lang.String)[pri:0, instance:parallel.Test@40005471]" started-at="2024-04-19T12:46:31 EDT" name="setup" finished-at="2024-04-19T12:46:32 EDT" duration-ms="1283" status="PASS">
          <params>
            <param index="0">
              <value>
                <![CDATA[chrome]]>
              </value>
            </param>
          </params>
          <reporter-output>
          </reporter-output>
        </test-method> <!-- setup -->
        <test-method signature="browsertest()[pri:0, instance:parallel.Test@40005471]" started-at="2024-04-19T12:46:32 EDT" name="browsertest" finished-at="2024-04-19T12:47:01 EDT" duration-ms="28656" status="PASS">
          <reporter-output>
          </reporter-output>
        </test-method> <!-- browsertest -->
        <test-method signature="googletest()[pri:0, instance:parallel.Test@40005471]" started-at="2024-04-19T12:47:01 EDT" name="googletest" finished-at="2024-04-19T12:47:03 EDT" duration-ms="2448" status="PASS">
          <reporter-output>
          </reporter-output>
        </test-method> <!-- googletest -->
        <test-method signature="titleTest()[pri:0, instance:parallel.Test@40005471]" started-at="2024-04-19T12:47:03 EDT" name="titleTest" finished-at="2024-04-19T12:47:09 EDT" duration-ms="5724" status="PASS">
          <reporter-output>
          </reporter-output>
        </test-method> <!-- titleTest -->
        <test-method is-config="true" signature="teardown()[pri:0, instance:parallel.Test@40005471]" started-at="2024-04-19T12:47:09 EDT" name="teardown" finished-at="2024-04-19T12:47:09 EDT" duration-ms="99" status="PASS">
          <reporter-output>
          </reporter-output>
        </test-method> <!-- teardown -->
      </class> <!-- parallel.Test -->
    </test> <!-- ChromeTest -->
    <test started-at="2024-04-19T12:47:09 EDT" name="FirefoxTest" finished-at="2024-04-19T12:47:32 EDT" duration-ms="23237">
      <class name="parallel.Test">
        <test-method is-config="true" signature="setup(java.lang.String)[pri:0, instance:parallel.Test@367ffa75]" started-at="2024-04-19T12:47:09 EDT" name="setup" finished-at="2024-04-19T12:47:11 EDT" duration-ms="2144" status="PASS">
          <params>
            <param index="0">
              <value>
                <![CDATA[firefox]]>
              </value>
            </param>
          </params>
          <reporter-output>
          </reporter-output>
        </test-method> <!-- setup -->
        <test-method signature="browsertest()[pri:0, instance:parallel.Test@367ffa75]" started-at="2024-04-19T12:47:11 EDT" name="browsertest" finished-at="2024-04-19T12:47:25 EDT" duration-ms="13715" status="PASS">
          <reporter-output>
          </reporter-output>
        </test-method> <!-- browsertest -->
        <test-method signature="googletest()[pri:0, instance:parallel.Test@367ffa75]" started-at="2024-04-19T12:47:25 EDT" name="googletest" finished-at="2024-04-19T12:47:26 EDT" duration-ms="1558" status="PASS">
          <reporter-output>
          </reporter-output>
        </test-method> <!-- googletest -->
        <test-method signature="titleTest()[pri:0, instance:parallel.Test@367ffa75]" started-at="2024-04-19T12:47:26 EDT" name="titleTest" finished-at="2024-04-19T12:47:31 EDT" duration-ms="5103" status="PASS">
          <reporter-output>
          </reporter-output>
        </test-method> <!-- titleTest -->
        <test-method is-config="true" signature="teardown()[pri:0, instance:parallel.Test@367ffa75]" started-at="2024-04-19T12:47:31 EDT" name="teardown" finished-at="2024-04-19T12:47:32 EDT" duration-ms="707" status="PASS">
          <reporter-output>
          </reporter-output>
        </test-method> <!-- teardown -->
      </class> <!-- parallel.Test -->
    </test> <!-- FirefoxTest -->
  </suite> <!-- Suite -->
</testng-results>
